2018-07-15T12:31:48.076Z - normal: Load ~/.CocosCreator/settings.json
2018-07-15T12:31:48.079Z - normal: checking language setting...
2018-07-15T12:31:48.079Z - normal: Language: zh
2018-07-15T12:31:49.081Z - success: protocol editor-framework registered
2018-07-15T12:31:49.082Z - success: protocol app registered
2018-07-15T12:31:49.082Z - success: protocol theme registered
2018-07-15T12:31:49.082Z - success: protocol packages registered
2018-07-15T12:31:49.083Z - success: protocol unpack registerred
2018-07-15T12:31:49.083Z - success: protocol disable-commonjs registerred
2018-07-15T12:31:49.246Z - normal: connected!
2018-07-15T12:31:49.249Z - normal: Check project /Users/next/projects/ccc-projects/try-to-hug
2018-07-15T12:31:49.251Z - normal: Initializing Cocos2d
2018-07-15T12:31:49.528Z - normal: Initializing Asset Database
2018-07-15T12:31:49.569Z - success: protocol uuid registerred
2018-07-15T12:31:49.569Z - success: protocol db registerred
2018-07-15T12:31:49.569Z - success: protocol thumbnail registerred
2018-07-15T12:31:49.570Z - normal: Loading editor/builtin packages
2018-07-15T12:31:49.600Z - success: anysdk loaded
2018-07-15T12:31:49.737Z - success: assets loaded
2018-07-15T12:31:49.741Z - success: builder loaded
2018-07-15T12:31:49.743Z - success: cocos-analytics loaded
2018-07-15T12:31:49.748Z - success: console loaded
2018-07-15T12:31:49.778Z - success: fb-instant-games loaded
2018-07-15T12:31:49.783Z - success: hierarchy loaded
2018-07-15T12:31:49.789Z - success: inspector loaded
2018-07-15T12:31:49.790Z - success: keystore loaded
2018-07-15T12:31:49.796Z - success: node-library loaded
2018-07-15T12:31:49.799Z - success: package-asset loaded
2018-07-15T12:31:49.801Z - success: preferences loaded
2018-07-15T12:31:49.804Z - success: project-exporter loaded
2018-07-15T12:31:49.830Z - success: project-importer loaded
2018-07-15T12:31:49.832Z - success: project-settings loaded
2018-07-15T12:31:49.836Z - success: ui-kit loaded
2018-07-15T12:31:49.842Z - success: ui-grid loaded
2018-07-15T12:31:49.847Z - success: scene loaded
2018-07-15T12:31:49.849Z - success: sprite-editor loaded
2018-07-15T12:31:49.854Z - success: store loaded
2018-07-15T12:31:49.861Z - success: timeline loaded
2018-07-15T12:31:49.861Z - normal: Loading builtin packages
2018-07-15T12:31:49.873Z - success: asset-db-debugger loaded
2018-07-15T12:31:49.874Z - success: color-picker loaded
2018-07-15T12:31:49.879Z - success: package-manager loaded
2018-07-15T12:31:49.881Z - success: qqplay-adapter loaded
2018-07-15T12:31:49.888Z - success: sdkbox loaded
2018-07-15T12:31:49.894Z - success: tester loaded
2018-07-15T12:31:49.899Z - success: ui-kit-preview-extra loaded
2018-07-15T12:31:49.904Z - success: ui-kit-preview loaded
2018-07-15T12:31:49.908Z - success: ui-tree loaded
2018-07-15T12:31:49.910Z - success: weapp-adapter loaded
2018-07-15T12:31:51.061Z - normal: Initializing project /Users/next/projects/ccc-projects/try-to-hug
2018-07-15T12:31:51.065Z - normal: Loading packages
2018-07-15T12:31:51.077Z - success: next-secretary loaded
2018-07-15T12:31:51.077Z - normal: Watching packages
2018-07-15T12:31:51.167Z - normal: Run Application
2018-07-15T12:31:52.241Z - success: preview server running at http://localhost:7456
2018-07-15T12:31:56.471Z - normal: 1.9.3
